# JRE version: Java(TM) SE Runtime Environment (16.0.1+9) (build 16.0.1+9-24)
# Java VM: Java HotSpot(TM) 64-Bit Server VM (16.0.1+9-24, mixed mode, sharing, tiered, compressed oops, compressed class ptrs, g1 gc, windows-amd64)
GC Precious Log:
 CPUs: 8 total, 8 available
 Memory: 3519M
 Large Page Support: Disabled
 NUMA Support: Disabled
 Compressed Oops: Enabled (32-bit)
 Heap Region Size: 1M
 Heap Min Capacity: 8M
 Heap Initial Capacity: 56M
 Heap Max Capacity: 880M
 Pre-touch: Disabled
 Parallel Workers: 8
 Concurrent Workers: 2
 Concurrent Refinement Workers: 8
 Periodic GC: Disabled
Heap:
 garbage-first heap   total 257024K, used 104048K [0x00000000c9000000, 0x0000000100000000)
  region size 1024K, 67 young (68608K), 1 survivors (1024K)
 Metaspace       used 72634K, committed 73280K, reserved 1114112K
  class space    used 8985K, committed 9280K, reserved 1048576K
GC Heap History (20 events):
Event: 672.109 GC heap before
{Heap before GC invocations=64 (full 0):
 garbage-first heap   total 78848K, used 64974K [0x00000000c9000000, 0x0000000100000000)
  region size 1024K, 30 young (30720K), 3 survivors (3072K)
 Metaspace       used 72575K, committed 73216K, reserved 1114112K
  class space    used 8977K, committed 9280K, reserved 1048576K
}
Event: 672.115 GC heap after
{Heap after GC invocations=65 (full 0):
 garbage-first heap   total 78848K, used 38348K [0x00000000c9000000, 0x0000000100000000)
  region size 1024K, 3 young (3072K), 3 survivors (3072K)
 Metaspace       used 72575K, committed 73216K, reserved 1114112K
  class space    used 8977K, committed 9280K, reserved 1048576K
}
Event: 672.959 GC heap before
{Heap before GC invocations=65 (full 0):
 garbage-first heap   total 78848K, used 65996K [0x00000000c9000000, 0x0000000100000000)
  region size 1024K, 30 young (30720K), 3 survivors (3072K)
 Metaspace       used 72575K, committed 73216K, reserved 1114112K
  class space    used 8977K, committed 9280K, reserved 1048576K
}
Event: 672.963 GC heap after
{Heap after GC invocations=66 (full 0):
 garbage-first heap   total 78848K, used 38317K [0x00000000c9000000, 0x0000000100000000)
  region size 1024K, 3 young (3072K), 3 survivors (3072K)
 Metaspace       used 72575K, committed 73216K, reserved 1114112K
  class space    used 8977K, committed 9280K, reserved 1048576K
}
Event: 673.945 GC heap before
{Heap before GC invocations=67 (full 0):
 garbage-first heap   total 78848K, used 64941K [0x00000000c9000000, 0x0000000100000000)
  region size 1024K, 30 young (30720K), 3 survivors (3072K)
 Metaspace       used 72575K, committed 73216K, reserved 1114112K
  class space    used 8977K, committed 9280K, reserved 1048576K
}
Event: 673.948 GC heap after
{Heap after GC invocations=68 (full 0):
 garbage-first heap   total 78848K, used 38425K [0x00000000c9000000, 0x0000000100000000)
  region size 1024K, 3 young (3072K), 3 survivors (3072K)
 Metaspace       used 72575K, committed 73216K, reserved 1114112K
  class space    used 8977K, committed 9280K, reserved 1048576K
}
Event: 675.036 GC heap before
{Heap before GC invocations=68 (full 0):
 garbage-first heap   total 78848K, used 66073K [0x00000000c9000000, 0x0000000100000000)
  region size 1024K, 30 young (30720K), 3 survivors (3072K)
 Metaspace       used 72575K, committed 73216K, reserved 1114112K
  class space    used 8977K, committed 9280K, reserved 1048576K
}
Event: 675.043 GC heap after
{Heap after GC invocations=69 (full 0):
 garbage-first heap   total 78848K, used 38391K [0x00000000c9000000, 0x0000000100000000)
  region size 1024K, 2 young (2048K), 2 survivors (2048K)
 Metaspace       used 72575K, committed 73216K, reserved 1114112K
  class space    used 8977K, committed 9280K, reserved 1048576K
}
Event: 676.257 GC heap before
{Heap before GC invocations=70 (full 0):
 garbage-first heap   total 78848K, used 68087K [0x00000000c9000000, 0x0000000100000000)
  region size 1024K, 31 young (31744K), 2 survivors (2048K)
 Metaspace       used 72575K, committed 73216K, reserved 1114112K
  class space    used 8977K, committed 9280K, reserved 1048576K
}
Event: 676.283 GC heap after
{Heap after GC invocations=71 (full 0):
 garbage-first heap   total 78848K, used 38404K [0x00000000c9000000, 0x0000000100000000)
  region size 1024K, 2 young (2048K), 2 survivors (2048K)
 Metaspace       used 72575K, committed 73216K, reserved 1114112K
  class space    used 8977K, committed 9280K, reserved 1048576K
}
Event: 706.393 GC heap before
{Heap before GC invocations=71 (full 0):
 garbage-first heap   total 78848K, used 68100K [0x00000000c9000000, 0x0000000100000000)
  region size 1024K, 31 young (31744K), 2 survivors (2048K)
 Metaspace       used 72575K, committed 73216K, reserved 1114112K
  class space    used 8977K, committed 9280K, reserved 1048576K
}
Event: 706.513 GC heap after
{Heap after GC invocations=72 (full 0):
 garbage-first heap   total 78848K, used 38784K [0x00000000c9000000, 0x0000000100000000)
  region size 1024K, 3 young (3072K), 3 survivors (3072K)
 Metaspace       used 72575K, committed 73216K, reserved 1114112K
  class space    used 8977K, committed 9280K, reserved 1048576K
}
Event: 707.248 GC heap before
{Heap before GC invocations=73 (full 0):
 garbage-first heap   total 104448K, used 66432K [0x00000000c9000000, 0x0000000100000000)
  region size 1024K, 30 young (30720K), 3 survivors (3072K)
 Metaspace       used 72575K, committed 73216K, reserved 1114112K
  class space    used 8978K, committed 9280K, reserved 1048576K
}
Event: 707.262 GC heap after
{Heap after GC invocations=74 (full 0):
 garbage-first heap   total 104448K, used 38512K [0x00000000c9000000, 0x0000000100000000)
  region size 1024K, 2 young (2048K), 2 survivors (2048K)
 Metaspace       used 72575K, committed 73216K, reserved 1114112K
  class space    used 8978K, committed 9280K, reserved 1048576K
}
Event: 709.221 GC heap before
{Heap before GC invocations=74 (full 0):
 garbage-first heap   total 104448K, used 90736K [0x00000000c9000000, 0x0000000100000000)
  region size 1024K, 53 young (54272K), 2 survivors (2048K)
 Metaspace       used 72576K, committed 73216K, reserved 1114112K
  class space    used 8978K, committed 9280K, reserved 1048576K
}
Event: 709.260 GC heap after
{Heap after GC invocations=75 (full 0):
 garbage-first heap   total 257024K, used 38509K [0x00000000c9000000, 0x0000000100000000)
  region size 1024K, 2 young (2048K), 2 survivors (2048K)
 Metaspace       used 72576K, committed 73216K, reserved 1114112K
  class space    used 8978K, committed 9280K, reserved 1048576K
}
Event: 713.825 GC heap before
{Heap before GC invocations=75 (full 0):
 garbage-first heap   total 257024K, used 190061K [0x00000000c9000000, 0x0000000100000000)
  region size 1024K, 150 young (153600K), 2 survivors (2048K)
 Metaspace       used 72577K, committed 73216K, reserved 1114112K
  class space    used 8978K, committed 9280K, reserved 1048576K
}
Event: 713.863 GC heap after
{Heap after GC invocations=76 (full 0):
 garbage-first heap   total 257024K, used 38487K [0x00000000c9000000, 0x0000000100000000)
  region size 1024K, 1 young (1024K), 1 survivors (1024K)
 Metaspace       used 72577K, committed 73216K, reserved 1114112K
  class space    used 8978K, committed 9280K, reserved 1048576K
}
Event: 718.125 GC heap before
{Heap before GC invocations=76 (full 0):
 garbage-first heap   total 257024K, used 191063K [0x00000000c9000000, 0x0000000100000000)
  region size 1024K, 150 young (153600K), 1 survivors (1024K)
 Metaspace       used 72577K, committed 73216K, reserved 1114112K
  class space    used 8978K, committed 9280K, reserved 1048576K
}
Event: 718.134 GC heap after
{Heap after GC invocations=77 (full 0):
 garbage-first heap   total 257024K, used 38512K [0x00000000c9000000, 0x0000000100000000)
  region size 1024K, 1 young (1024K), 1 survivors (1024K)
 Metaspace       used 72577K, committed 73216K, reserved 1114112K
  class space    used 8978K, committed 9280K, reserved 1048576K
}

